<?xml version="1.0" encoding="UTF-8"?>
<!-- Generated by org.testng.reporters.JUnitReportReporter -->
<testsuite hostname="LAPTOP-MHDOQNFB" failures="0" tests="3" name="test.day4" time="0.003" errors="0" timestamp="2022-02-28T17:13:48 CET" skipped="0">
  <testcase classname="test.day4" name="WebloginCarLoan" time="0.001"/>
  <system-out/>
  <testcase classname="test.day4" name="LoginAPICarLoan" time="0.001"/>
  <system-out/>
  <testcase classname="test.day4" name="MobileLogin" time="0.001"/>
  <system-out/>
</testsuite> <!-- test.day4 -->
