<?xml version="1.0" encoding="UTF-8"?>
<!-- Generated by org.testng.reporters.JUnitReportReporter -->
<testsuite hostname="LAPTOP-MHDOQNFB" failures="0" tests="1" name="test2.day1" time="0.006" errors="0" timestamp="2022-03-03T16:32:12 CET" skipped="0">
  <testcase classname="test2.day1" name="Demo" time="0.006"/>
  <system-out/>
</testsuite> <!-- test2.day1 -->
