<?xml version="1.0" encoding="UTF-8"?>
<!-- Generated by org.testng.reporters.JUnitReportReporter -->
<testsuite hostname="LAPTOP-MHDOQNFB" failures="0" tests="2" name="test.dayONE" time="0.015" errors="0" timestamp="2022-02-25T15:54:42 CET" skipped="0">
  <testcase classname="test.dayONE" name="SecondTest" time="0.002"/>
  <system-out/>
  <testcase classname="test.dayONE" name="Demo" time="0.013"/>
  <system-out/>
</testsuite> <!-- test.dayONE -->
