<?xml version="1.0" encoding="UTF-8"?>
<!-- Generated by org.testng.reporters.JUnitReportReporter -->
<testsuite hostname="LAPTOP-MHDOQNFB" failures="0" tests="3" name="test.day3" time="0.010" errors="0" timestamp="2022-02-28T17:13:48 CET" skipped="0">
  <testcase classname="test.day3" name="WebLoginHomeLoan" time="0.003"/>
  <system-out/>
  <testcase classname="test.day3" name="LoginAPIHomeLoan" time="0.003"/>
  <system-out/>
  <testcase classname="test.day3" name="MobileLogincarLoan" time="0.004"/>
  <system-out/>
</testsuite> <!-- test.day3 -->
