<?xml version="1.0" encoding="UTF-8"?>
<!-- Generated by org.testng.reporters.JUnitReportReporter -->
<testsuite hostname="LAPTOP-MHDOQNFB" failures="0" tests="7" name="test2.day3" time="0.022" errors="0" timestamp="2022-03-03T16:32:12 CET" skipped="0">
  <testcase classname="test2.day3" name="WebLoginHomeLoan" time="0.005"/>
  <system-out/>
  <testcase classname="test2.day3" name="MobileSignoutcarLoan" time="0.003"/>
  <system-out/>
  <testcase classname="test2.day3" name="LoginAPIHomeLoan" time="0.004"/>
  <system-out/>
  <testcase classname="test2.day3" name="MobileSingincarLoan" time="0.001"/>
  <system-out/>
  <testcase classname="test2.day3" name="MobileLogincarLoan" time="0.004"/>
  <system-out/>
  <testcase classname="test2.day3" name="MobileSignoutcarLoan" time="0.003"/>
  <system-out/>
  <testcase classname="test2.day3" name="MobileSignoutcarLoan" time="0.002"/>
  <system-out/>
</testsuite> <!-- test2.day3 -->
