<?xml version="1.0" encoding="UTF-8"?>
<!-- Generated by org.testng.reporters.JUnitReportReporter -->
<testsuite hostname="LAPTOP-MHDOQNFB" failures="0" tests="3" name="test2.day4" time="0.007" errors="0" timestamp="2022-03-03T16:32:12 CET" skipped="0">
  <testcase classname="test2.day4" name="WebloginCarLoan" time="0.003"/>
  <system-out/>
  <testcase classname="test2.day4" name="MobileLogin" time="0.002"/>
  <system-out/>
  <testcase classname="test2.day4" name="LoginAPICarLoan" time="0.002"/>
  <system-out/>
</testsuite> <!-- test2.day4 -->
