<?xml version="1.0" encoding="UTF-8"?>
<!-- Generated by org.testng.reporters.JUnitReportReporter -->
<testsuite hostname="LAPTOP-MHDOQNFB" failures="0" tests="2" name="qaclickacademy.Mavenjava.RESTAPITest" time="0.017" errors="0" timestamp="2022-03-29T18:32:14 CEST" skipped="0">
  <testcase classname="qaclickacademy.Mavenjava.RESTAPITest" name="postJira" time="0.005"/>
  <system-out/>
  <testcase classname="qaclickacademy.Mavenjava.RESTAPITest" name="deleteTwitter" time="0.012"/>
  <system-out/>
</testsuite> <!-- qaclickacademy.Mavenjava.RESTAPITest -->
